0 info it worked if it ends with ok
1 verbose cli [ '/Users/kyungjoon/.nvm/v0.10.32/bin/node',
1 verbose cli   '/Users/kyungjoon/.nvm/v0.10.32/bin/npm',
1 verbose cli   'install',
1 verbose cli   'babel' ]
2 info using npm@1.4.28
3 info using node@v0.10.32
4 warn package.json babel-plugin-named-asset-import@0.3.5 No README data
5 warn package.json bp_event@1.2.0 No README data
6 warn package.json bp_logger@1.1.1 No README data
7 warn package.json bp_statemachine@1.0.14 No README data
8 warn package.json camel-case@3.0.0 No README data
9 warn package.json copy-descriptor@0.1.1 No README data
10 warn package.json core-js@1.2.7 No README data
11 warn package.json eslint-module-utils@2.4.1 No README data
12 warn package.json get-value@2.0.6 No README data
13 warn package.json jest-config@24.9.0 No description
14 warn package.json jest-config@24.9.0 No README data
15 warn package.json jest-diff@24.9.0 No description
16 warn package.json jest-diff@24.9.0 No README data
17 warn package.json jest-environment-jsdom@24.9.0 No description
18 warn package.json jest-environment-jsdom@24.9.0 No README data
19 warn package.json jest-environment-node@24.9.0 No description
20 warn package.json jest-environment-node@24.9.0 No README data
21 warn package.json jest-get-type@24.9.0 No README data
22 warn package.json jest-haste-map@24.9.0 No description
23 warn package.json jest-haste-map@24.9.0 No README data
24 warn package.json jest-jasmine2@24.9.0 No description
25 warn package.json jest-jasmine2@24.9.0 No README data
26 warn package.json jest-matcher-utils@24.9.0 No README data
27 warn package.json jest-message-util@24.9.0 No description
28 warn package.json jest-message-util@24.9.0 No README data
29 warn package.json jest-regex-util@24.9.0 No description
30 warn package.json jest-regex-util@24.9.0 No README data
31 warn package.json jest-resolve@24.9.0 No description
32 warn package.json jest-resolve@24.9.0 No README data
33 warn package.json jest-resolve-dependencies@24.9.0 No description
34 warn package.json jest-resolve-dependencies@24.9.0 No README data
35 warn package.json jest-runner@24.9.0 No description
36 warn package.json jest-runner@24.9.0 No README data
37 warn package.json jest-runtime@24.9.0 No description
38 warn package.json jest-runtime@24.9.0 No README data
39 warn package.json jest-snapshot@24.9.0 No description
40 warn package.json jest-snapshot@24.9.0 No README data
41 warn package.json jest-util@24.9.0 No description
42 warn package.json jest-util@24.9.0 No README data
43 warn package.json jest-watcher@24.9.0 No README data
44 warn package.json loader-fs-cache@1.0.2 No repository field.
45 warn package.json loader-fs-cache@1.0.2 No README data
46 warn package.json mamacro@0.0.3 No description
47 warn package.json mamacro@0.0.3 No repository field.
48 warn package.json mamacro@0.0.3 No README data
49 warn package.json object-copy@0.1.0 No README data
50 warn package.json path-is-inside@1.0.2 No README data
51 warn package.json setimmediate@1.0.5 No README data
52 warn package.json static-extend@0.1.2 No README data
53 warn package.json validate.io-string-primitive@1.0.1 No README data
54 warn package.json assert@1.4.1 assert is also the name of a node core module.
55 warn package.json buffer@5.4.3 buffer is also the name of a node core module.
56 warn package.json callsite@1.0.0 No repository field.
57 warn package.json circle-progress-bar@1.0.0 No repository field.
58 warn package.json dotenv-expand@5.1.0 No repository field.
59 warn package.json events@1.1.1 events is also the name of a node core module.
60 warn package.json fs@0.0.1-security fs is also the name of a node core module.
61 warn package.json has-binary2@1.0.3 No repository field.
62 warn package.json highcharts-drilldown@0.1.7 No repository field.
63 warn package.json highcharts-more@0.1.7 No repository field.
64 warn package.json indexof@0.0.1 No repository field.
65 warn package.json minipass-collect@1.0.2 No repository field.
66 warn package.json minipass-pipeline@1.2.2 No repository field.
67 warn package.json object-component@0.0.3 No repository field.
68 warn package.json punycode@2.1.1 punycode is also the name of a node core module.
69 warn package.json querystring@0.2.0 querystring is also the name of a node core module.
70 warn package.json quickselect@2.0.0 No repository field.
71 warn package.json react-giojs@0.0.5 No repository field.
72 warn package.json rework-visit@1.0.0 No repository field.
73 warn package.json sharkdown@0.1.1 No repository field.
74 warn package.json speak-tts@2.0.8 No repository field.
75 warn package.json string_decoder@1.1.1 string_decoder is also the name of a node core module.
76 warn package.json typed-styles@0.0.7 No repository field.
77 warn package.json url@0.11.0 url is also the name of a node core module.
78 warn package.json util@0.10.3 util is also the name of a node core module.
79 verbose readDependencies using package.json deps
80 verbose cache add [ 'babel', null ]
81 verbose cache add name=undefined spec="babel" args=["babel",null]
82 verbose parsed url { protocol: null,
82 verbose parsed url   slashes: null,
82 verbose parsed url   auth: null,
82 verbose parsed url   host: null,
82 verbose parsed url   port: null,
82 verbose parsed url   hostname: null,
82 verbose parsed url   hash: null,
82 verbose parsed url   search: null,
82 verbose parsed url   query: null,
82 verbose parsed url   pathname: 'babel',
82 verbose parsed url   path: 'babel',
82 verbose parsed url   href: 'babel' }
83 silly lockFile cad160f3-babel babel
84 verbose lock babel /Users/kyungjoon/.npm/cad160f3-babel.lock
85 silly lockFile cad160f3-babel babel
86 silly lockFile cad160f3-babel babel
87 verbose addNamed [ 'babel', '' ]
88 verbose addNamed [ null, '*' ]
89 silly lockFile 8d1f9cea-babel babel@
90 verbose lock babel@ /Users/kyungjoon/.npm/8d1f9cea-babel.lock
91 silly addNameRange { name: 'babel', range: '*', hasData: false }
92 verbose request where is /babel
93 verbose request registry https://registry.npmjs.org/
94 verbose request id 0787483396922877
95 verbose url raw /babel
96 verbose url resolving [ 'https://registry.npmjs.org/', './babel' ]
97 verbose url resolved https://registry.npmjs.org/babel
98 verbose request where is https://registry.npmjs.org/babel
99 info trying registry request attempt 1 at 14:18:53
100 http GET https://registry.npmjs.org/babel
101 http 200 https://registry.npmjs.org/babel
102 silly registry.get cb [ 200,
102 silly registry.get   { date: 'Mon, 09 Dec 2019 05:18:54 GMT',
102 silly registry.get     'content-type': 'application/json',
102 silly registry.get     'transfer-encoding': 'chunked',
102 silly registry.get     connection: 'keep-alive',
102 silly registry.get     'set-cookie': [ '__cfduid=d0b9d6d61bdbb862f02b9ab9fa2c558ac1575868733; expires=Wed, 08-Jan-20 05:18:53 GMT; path=/; domain=.npmjs.org; HttpOnly' ],
102 silly registry.get     'cf-ray': '5424856288be39fe-ICN',
102 silly registry.get     'cache-control': 'public, max-age=300',
102 silly registry.get     etag: 'W/"307fc9a3e371ad707be6728a811c4bed"',
102 silly registry.get     'last-modified': 'Thu, 21 Feb 2019 07:55:13 GMT',
102 silly registry.get     vary: 'accept-encoding, accept',
102 silly registry.get     'cf-cache-status': 'EXPIRED',
102 silly registry.get     'expect-ct': 'max-age=604800, report-uri="https://report-uri.cloudflare.com/cdn-cgi/beacon/expect-ct"',
102 silly registry.get     server: 'cloudflare',
102 silly registry.get     'content-encoding': 'gzip' } ]
103 silly addNameRange number 2 { name: 'babel', range: '*', hasData: true }
104 silly addNameRange versions [ 'babel',
104 silly addNameRange   [ '0.0.1',
104 silly addNameRange     '4.0.1',
104 silly addNameRange     '4.0.2',
104 silly addNameRange     '4.1.1',
104 silly addNameRange     '4.2.0',
104 silly addNameRange     '4.2.1',
104 silly addNameRange     '4.3.0',
104 silly addNameRange     '4.4.1',
104 silly addNameRange     '4.4.2',
104 silly addNameRange     '4.4.3',
104 silly addNameRange     '4.4.4',
104 silly addNameRange     '4.4.5',
104 silly addNameRange     '4.4.6',
104 silly addNameRange     '4.5.0',
104 silly addNameRange     '4.5.1',
104 silly addNameRange     '4.5.2',
104 silly addNameRange     '4.5.3',
104 silly addNameRange     '4.5.4',
104 silly addNameRange     '4.5.5',
104 silly addNameRange     '4.6.0',
104 silly addNameRange     '4.6.1',
104 silly addNameRange     '4.6.3',
104 silly addNameRange     '4.6.4',
104 silly addNameRange     '4.6.5',
104 silly addNameRange     '4.6.6',
104 silly addNameRange     '4.7.0',
104 silly addNameRange     '4.7.1',
104 silly addNameRange     '4.7.2',
104 silly addNameRange     '4.7.3',
104 silly addNameRange     '4.7.4',
104 silly addNameRange     '4.7.5',
104 silly addNameRange     '4.7.6',
104 silly addNameRange     '4.7.7',
104 silly addNameRange     '4.7.8',
104 silly addNameRange     '4.7.9',
104 silly addNameRange     '4.7.10',
104 silly addNameRange     '4.7.11',
104 silly addNameRange     '4.7.12',
104 silly addNameRange     '4.7.13',
104 silly addNameRange     '4.7.14',
104 silly addNameRange     '4.7.15',
104 silly addNameRange     '4.7.16',
104 silly addNameRange     '5.0.0-beta2',
104 silly addNameRange     '5.0.0-beta3',
104 silly addNameRange     '5.0.0-beta4',
104 silly addNameRange     '5.0.0',
104 silly addNameRange     '5.0.1',
104 silly addNameRange     '5.0.2',
104 silly addNameRange     '5.0.3',
104 silly addNameRange     '5.0.4',
104 silly addNameRange     '5.0.5',
104 silly addNameRange     '5.0.6',
104 silly addNameRange     '5.0.7',
104 silly addNameRange     '5.0.8',
104 silly addNameRange     '5.0.9',
104 silly addNameRange     '5.0.10',
104 silly addNameRange     '5.0.11',
104 silly addNameRange     '5.0.12',
104 silly addNameRange     '5.0.13',
104 silly addNameRange     '5.1.0',
104 silly addNameRange     '5.1.1',
104 silly addNameRange     '5.1.2',
104 silly addNameRange     '5.1.3',
104 silly addNameRange     '5.1.4',
104 silly addNameRange     '5.1.5',
104 silly addNameRange     '5.1.6',
104 silly addNameRange     '5.1.7',
104 silly addNameRange     '5.1.8',
104 silly addNameRange     '5.1.9',
104 silly addNameRange     '5.1.10',
104 silly addNameRange     '5.1.11',
104 silly addNameRange     '5.1.12',
104 silly addNameRange     '5.1.13',
104 silly addNameRange     '5.2.0',
104 silly addNameRange     '5.2.1',
104 silly addNameRange     '5.2.2',
104 silly addNameRange     '5.2.3',
104 silly addNameRange     '5.2.4',
104 silly addNameRange     '5.2.5',
104 silly addNameRange     '5.2.6',
104 silly addNameRange     '5.2.7',
104 silly addNameRange     '5.2.9',
104 silly addNameRange     '5.2.10',
104 silly addNameRange     '5.2.11',
104 silly addNameRange     '5.2.12',
104 silly addNameRange     '5.2.13',
104 silly addNameRange     '5.2.14',
104 silly addNameRange     '5.2.15',
104 silly addNameRange     '5.2.16',
104 silly addNameRange     '5.2.17',
104 silly addNameRange     '5.3.0',
104 silly addNameRange     '5.3.1',
104 silly addNameRange     '5.3.2',
104 silly addNameRange     '5.3.3',
104 silly addNameRange     '5.4.0',
104 silly addNameRange     '5.4.1',
104 silly addNameRange     '5.4.2',
104 silly addNameRange     '5.4.3',
104 silly addNameRange     '5.4.4',
104 silly addNameRange     '5.4.5',
104 silly addNameRange     '5.4.6',
104 silly addNameRange     '5.4.7',
104 silly addNameRange     '5.5.0',
104 silly addNameRange     '5.5.1',
104 silly addNameRange     '5.5.2',
104 silly addNameRange     '5.5.3',
104 silly addNameRange     '5.5.4',
104 silly addNameRange     '5.5.5',
104 silly addNameRange     '5.5.6',
104 silly addNameRange     '5.5.7',
104 silly addNameRange     '5.5.8',
104 silly addNameRange     '5.6.1',
104 silly addNameRange     '5.6.2',
104 silly addNameRange     '5.6.3',
104 silly addNameRange     '5.6.4',
104 silly addNameRange     '5.6.5',
104 silly addNameRange     '5.6.6',
104 silly addNameRange     '5.6.7',
104 silly addNameRange     '5.6.10',
104 silly addNameRange     '5.6.11',
104 silly addNameRange     '5.6.12',
104 silly addNameRange     '5.6.14',
104 silly addNameRange     '5.6.23',
104 silly addNameRange     '5.8.2',
104 silly addNameRange     '5.8.3',
104 silly addNameRange     '5.8.5',
104 silly addNameRange     '5.8.6',
104 silly addNameRange     '5.8.8',
104 silly addNameRange     '5.8.9',
104 silly addNameRange     '5.8.12',
104 silly addNameRange     '5.8.19',
104 silly addNameRange     '5.8.20',
104 silly addNameRange     '5.8.21',
104 silly addNameRange     '5.8.23',
104 silly addNameRange     '5.8.29',
104 silly addNameRange     '6.0.0',
104 silly addNameRange     '6.0.2',
104 silly addNameRange     '6.0.12',
104 silly addNameRange     '6.0.14',
104 silly addNameRange     '6.0.15',
104 silly addNameRange     '5.8.34',
104 silly addNameRange     '6.1.5',
104 silly addNameRange     '6.1.6',
104 silly addNameRange     '6.1.7',
104 silly addNameRange     '6.1.8',
104 silly addNameRange     '6.1.9',
104 silly addNameRange     '6.1.10',
104 silly addNameRange     '6.1.11',
104 silly addNameRange     '6.1.12',
104 silly addNameRange     '6.1.13',
104 silly addNameRange     '6.1.14',
104 silly addNameRange     '6.1.15',
104 silly addNameRange     '6.1.16',
104 silly addNameRange     '6.1.17',
104 silly addNameRange     '6.1.18',
104 silly addNameRange     '6.2.4',
104 silly addNameRange     '6.3.13',
104 silly addNameRange     '6.3.26',
104 silly addNameRange     '5.8.35',
104 silly addNameRange     '6.5.0',
104 silly addNameRange     '6.5.0-1',
104 silly addNameRange     '6.5.1',
104 silly addNameRange     '6.5.2',
104 silly addNameRange     '5.8.38',
104 silly addNameRange     '6.23.0' ] ]
105 verbose addNamed [ 'babel', '6.23.0' ]
106 verbose addNamed [ '6.23.0', '6.23.0' ]
107 silly lockFile 2542423e-babel-6-23-0 babel@6.23.0
108 verbose lock babel@6.23.0 /Users/kyungjoon/.npm/2542423e-babel-6-23-0.lock
109 warn deprecated babel@6.23.0: In 6.x, the babel package has been deprecated in favor of babel-cli. Check https://opencollective.com/babel to support the Babel maintainers
110 silly lockFile 51219741-npmjs-org-babel-babel-6-23-0-tgz https://registry.npmjs.org/babel/-/babel-6.23.0.tgz
111 verbose lock https://registry.npmjs.org/babel/-/babel-6.23.0.tgz /Users/kyungjoon/.npm/51219741-npmjs-org-babel-babel-6-23-0-tgz.lock
112 verbose addRemoteTarball [ 'https://registry.npmjs.org/babel/-/babel-6.23.0.tgz',
112 verbose addRemoteTarball   'd0d1e7d803e974765beea3232d4e153c0efb90f4' ]
113 info retry fetch attempt 1 at 14:18:55
114 verbose fetch to= /var/folders/tn/9fwmnh3s24q8ylqmxb98q0lc0000gn/T/npm-5462-Dl2c-2JA/registry.npmjs.org/babel/-/babel-6.23.0.tgz
115 http GET https://registry.npmjs.org/babel/-/babel-6.23.0.tgz
116 http 200 https://registry.npmjs.org/babel/-/babel-6.23.0.tgz
117 silly lockFile 51219741-npmjs-org-babel-babel-6-23-0-tgz https://registry.npmjs.org/babel/-/babel-6.23.0.tgz
118 silly lockFile 51219741-npmjs-org-babel-babel-6-23-0-tgz https://registry.npmjs.org/babel/-/babel-6.23.0.tgz
119 silly lockFile 2542423e-babel-6-23-0 babel@6.23.0
120 silly lockFile 2542423e-babel-6-23-0 babel@6.23.0
121 silly lockFile 8d1f9cea-babel babel@
122 silly lockFile 8d1f9cea-babel babel@
123 silly resolved [ { name: 'babel',
123 silly resolved     version: '6.23.0',
123 silly resolved     description: 'Turn ES6 code into readable vanilla ES5 with source maps',
123 silly resolved     author: { name: 'Sebastian McKenzie', email: 'sebmck@gmail.com' },
123 silly resolved     homepage: 'https://babeljs.io/',
123 silly resolved     license: 'MIT',
123 silly resolved     repository:
123 silly resolved      { type: 'git',
123 silly resolved        url: 'https://github.com/babel/babel/tree/master/packages/babel' },
123 silly resolved     bin:
123 silly resolved      { babel: './lib/cli.js',
123 silly resolved        'babel-node': './lib/cli.js',
123 silly resolved        'babel-external-helpers': './lib/cli.js' },
123 silly resolved     _id: 'babel@6.23.0',
123 silly resolved     scripts: {},
123 silly resolved     _shasum: 'd0d1e7d803e974765beea3232d4e153c0efb90f4',
123 silly resolved     _from: 'babel@',
123 silly resolved     _npmVersion: '3.10.8',
123 silly resolved     _nodeVersion: '6.9.1',
123 silly resolved     _npmUser: { name: 'loganfsmyth', email: 'loganfsmyth@gmail.com' },
123 silly resolved     dist:
123 silly resolved      { shasum: 'd0d1e7d803e974765beea3232d4e153c0efb90f4',
123 silly resolved        tarball: 'https://registry.npmjs.org/babel/-/babel-6.23.0.tgz' },
123 silly resolved     maintainers: [ [Object], [Object], [Object], [Object], [Object], [Object] ],
123 silly resolved     _npmOperationalInternal:
123 silly resolved      { host: 'packages-18-east.internal.npmjs.com',
123 silly resolved        tmp: 'tmp/babel-6.23.0.tgz_1487027070006_0.409561536507681' },
123 silly resolved     directories: {},
123 silly resolved     deprecated: 'In 6.x, the babel package has been deprecated in favor of babel-cli. Check https://opencollective.com/babel to support the Babel maintainers',
123 silly resolved     _resolved: 'https://registry.npmjs.org/babel/-/babel-6.23.0.tgz' } ]
124 info install babel@6.23.0 into /Users/kyungjoon/react_pjt/edge-cloud-ui
125 info installOne babel@6.23.0
126 verbose node_modules/babel unbuild
127 verbose tar unpack /Users/kyungjoon/.npm/babel/6.23.0/package.tgz
128 silly lockFile 4c6b8340-edge-cloud-ui-node-modules-babel tar:///Users/kyungjoon/react_pjt/edge-cloud-ui/node_modules/babel
129 verbose lock tar:///Users/kyungjoon/react_pjt/edge-cloud-ui/node_modules/babel /Users/kyungjoon/.npm/4c6b8340-edge-cloud-ui-node-modules-babel.lock
130 silly lockFile bed4828f-oon-npm-babel-6-23-0-package-tgz tar:///Users/kyungjoon/.npm/babel/6.23.0/package.tgz
131 verbose lock tar:///Users/kyungjoon/.npm/babel/6.23.0/package.tgz /Users/kyungjoon/.npm/bed4828f-oon-npm-babel-6-23-0-package-tgz.lock
132 silly gunzTarPerm modes [ '755', '644' ]
133 silly gunzTarPerm extractEntry package.json
134 silly gunzTarPerm extractEntry .npmignore
135 silly gunzTarPerm extractEntry README.md
136 silly gunzTarPerm extractEntry index.js
137 silly gunzTarPerm extractEntry lib/cli.js
138 silly lockFile 4c6b8340-edge-cloud-ui-node-modules-babel tar:///Users/kyungjoon/react_pjt/edge-cloud-ui/node_modules/babel
139 silly lockFile 4c6b8340-edge-cloud-ui-node-modules-babel tar:///Users/kyungjoon/react_pjt/edge-cloud-ui/node_modules/babel
140 silly lockFile bed4828f-oon-npm-babel-6-23-0-package-tgz tar:///Users/kyungjoon/.npm/babel/6.23.0/package.tgz
141 silly lockFile bed4828f-oon-npm-babel-6-23-0-package-tgz tar:///Users/kyungjoon/.npm/babel/6.23.0/package.tgz
142 info preinstall babel@6.23.0
143 verbose readDependencies using package.json deps
144 verbose readDependencies using package.json deps
145 silly resolved []
146 verbose about to build /Users/kyungjoon/react_pjt/edge-cloud-ui/node_modules/babel
147 info build /Users/kyungjoon/react_pjt/edge-cloud-ui/node_modules/babel
148 verbose linkStuff [ false,
148 verbose linkStuff   false,
148 verbose linkStuff   false,
148 verbose linkStuff   '/Users/kyungjoon/react_pjt/edge-cloud-ui/node_modules' ]
149 info linkStuff babel@6.23.0
150 verbose linkBins babel@6.23.0
151 verbose link bins [ { babel: './lib/cli.js',
151 verbose link bins     'babel-node': './lib/cli.js',
151 verbose link bins     'babel-external-helpers': './lib/cli.js' },
151 verbose link bins   '/Users/kyungjoon/react_pjt/edge-cloud-ui/node_modules/.bin',
151 verbose link bins   false ]
152 verbose linkMans babel@6.23.0
153 verbose rebuildBundles babel@6.23.0
154 info install babel@6.23.0
155 info postinstall babel@6.23.0
156 warn unmet dependency /Users/kyungjoon/react_pjt/edge-cloud-ui/node_modules/babel-preset-react-app/node_modules/babel-plugin-macros requires @babel/runtime@'^7.7.2' but will load
156 warn unmet dependency undefined,
156 warn unmet dependency which is version undefined
157 error peerinvalid The package babel-runtime does not satisfy its siblings' peerDependencies requirements!
158 error System Darwin 19.0.0
159 error command "/Users/kyungjoon/.nvm/v0.10.32/bin/node" "/Users/kyungjoon/.nvm/v0.10.32/bin/npm" "install" "babel"
160 error cwd /Users/kyungjoon/react_pjt/edge-cloud-ui
161 error node -v v0.10.32
162 error npm -v 1.4.28
163 error code EPEERINVALID
164 verbose exit [ 1, true ]
